{"numTotalTestSuites":24,"numPassedTestSuites":24,"numFailedTestSuites":0,"numPendingTestSuites":0,"numTotalTests":87,"numPassedTests":87,"numFailedTests":0,"numPendingTests":0,"numTodoTests":0,"snapshot":{"added":0,"failure":false,"filesAdded":0,"filesRemoved":0,"filesRemovedList":[],"filesUnmatched":0,"filesUpdated":0,"matched":0,"total":0,"unchecked":0,"uncheckedKeysByFile":[],"unmatched":0,"updated":0,"didUpdate":false},"startTime":1781922528628,"success":true,"testResults":[{"assertionResults":[{"ancestorTitles":["EventBus"],"fullName":"EventBus should emit and receive events","status":"passed","title":"should emit and receive events","duration":4.8177999999998065,"failureMessages":[],"meta":{},"tags":[]},{"ancestorTitles":["EventBus"],"fullName":"EventBus should return unsubscribe function","status":"passed","title":"should return unsubscribe function","duration":0.5646999999999025,"failureMessages":[],"meta":{},"tags":[]},{"ancestorTitles":["EventBus"],"fullName":"EventBus should support multiple handlers for same event","status":"passed","title":"should support multiple handlers for same event","duration":0.38149999999950523,"failureMessages":[],"meta":{},"tags":[]},{"ancestorTitles":["EventBus"],"fullName":"EventBus should not throw when emitting event with no handlers","status":"passed","title":"should not throw when emitting event with no handlers","duration":1.2463999999999942,"failureMessages":[],"meta":{},"tags":[]}],"startTime":1781922547991,"endTime":1781922547998.2463,"status":"passed","message":"","name":"C:/Users/apple/Desktop/BONJOURSRC/BonNextMinecraftLauncher-Rust-main/src/plugins/core/__tests__/EventBus.test.ts"},{"assertionResults":[{"ancestorTitles":["PermissionValidator"],"fullName":"PermissionValidator should grant http permission for exact domain","status":"passed","title":"should grant http permission for exact domain","duration":2.090900000000147,"failureMessages":[],"meta":{},"tags":[]},{"ancestorTitles":["PermissionValidator"],"fullName":"PermissionValidator should deny http permission for unlisted domain","status":"passed","title":"should deny http permission for unlisted domain","duration":0.26379999999971915,"failureMessages":[],"meta":{},"tags":[]},{"ancestorTitles":["PermissionValidator"],"fullName":"PermissionValidator should grant http for subdomain when parent domain permitted","status":"passed","title":"should grant http for subdomain when parent domain permitted","duration":0.22990000000027067,"failureMessages":[],"meta":{},"tags":[]},{"ancestorTitles":["PermissionValidator"],"fullName":"PermissionValidator should grant invoke:core permission","status":"passed","title":"should grant invoke:core permission","duration":0.23909999999978027,"failureMessages":[],"meta":{},"tags":[]},{"ancestorTitles":["PermissionValidator"],"fullName":"PermissionValidator should grant invoke:<namespace> for namespaced commands","status":"passed","title":"should grant invoke:<namespace> for namespaced commands","duration":0.20780000000013388,"failureMessages":[],"meta":{},"tags":[]},{"ancestorTitles":["PermissionValidator"],"fullName":"PermissionValidator should deny invoke without permission","status":"passed","title":"should deny invoke without permission","duration":0.18630000000030122,"failureMessages":[],"meta":{},"tags":[]},{"ancestorTitles":["PermissionValidator"],"fullName":"PermissionValidator should grant fs:read:instances permission","status":"passed","title":"should grant fs:read:instances permission","duration":0.23700000000008004,"failureMessages":[],"meta":{},"tags":[]},{"ancestorTitles":["PermissionValidator"],"fullName":"PermissionValidator should grant fs:read:global for all scopes","status":"passed","title":"should grant fs:read:global for all scopes","duration":0.25870000000031723,"failureMessages":[],"meta":{},"tags":[]}],"startTime":1781922553836,"endTime":1781922553840.2588,"status":"passed","message":"","name":"C:/Users/apple/Desktop/BONJOURSRC/BonNextMinecraftLauncher-Rust-main/src/plugins/core/__tests__/PermissionValidator.test.ts"},{"assertionResults":[{"ancestorTitles":["PluginManager"],"fullName":"PluginManager should register a plugin","status":"passed","title":"should register a plugin","duration":2.40690000000086,"failureMessages":[],"meta":{},"tags":[]},{"ancestorTitles":["PluginManager"],"fullName":"PluginManager should activate a plugin and collect UI injections","status":"passed","title":"should activate a plugin and collect UI injections","duration":1.8544000000001688,"failureMessages":[],"meta":{},"tags":[]},{"ancestorTitles":["PluginManager"],"fullName":"PluginManager should deactivate a plugin and remove its UI injections","status":"passed","title":"should deactivate a plugin and remove its UI injections","duration":0.5786999999991167,"failureMessages":[],"meta":{},"tags":[]},{"ancestorTitles":["PluginManager"],"fullName":"PluginManager should activate all registered plugins","status":"passed","title":"should activate all registered plugins","duration":0.4427000000005137,"failureMessages":[],"meta":{},"tags":[]},{"ancestorTitles":["PluginManager"],"fullName":"PluginManager should handle activation errors gracefully","status":"passed","title":"should handle activation errors gracefully","duration":371.1094000000003,"failureMessages":[],"meta":{},"tags":[]},{"ancestorTitles":["PluginManager"],"fullName":"PluginManager should return routes sorted by registration","status":"passed","title":"should return routes sorted by registration","duration":0.7170999999998457,"failureMessages":[],"meta":{},"tags":[]}],"startTime":1781922534181,"endTime":1781922534558.717,"status":"passed","message":"","name":"C:/Users/apple/Desktop/BONJOURSRC/BonNextMinecraftLauncher-Rust-main/src/plugins/core/__tests__/PluginManager.test.ts"},{"assertionResults":[{"ancestorTitles":["Plugin types"],"fullName":"Plugin types PluginDefinition should accept correct shape","status":"passed","title":"PluginDefinition should accept correct shape","duration":2.0533000000000357,"failureMessages":[],"meta":{},"tags":[]},{"ancestorTitles":["Plugin types"],"fullName":"Plugin types SidebarItem should have pluginId","status":"passed","title":"SidebarItem should have pluginId","duration":0.24860000000035143,"failureMessages":[],"meta":{},"tags":[]}],"startTime":1781922557464,"endTime":1781922557466.2485,"status":"passed","message":"","name":"C:/Users/apple/Desktop/BONJOURSRC/BonNextMinecraftLauncher-Rust-main/src/plugins/core/__tests__/types.test.ts"},{"assertionResults":[{"ancestorTitles":["useLoading"],"fullName":"useLoading should have correct initial state","status":"passed","title":"should have correct initial state","duration":16.908000000001266,"failureMessages":[],"meta":{},"tags":[]},{"ancestorTitles":["useLoading"],"fullName":"useLoading should handle execute success","status":"passed","title":"should handle execute success","duration":3.968300000000454,"failureMessages":[],"meta":{},"tags":[]},{"ancestorTitles":["useLoading"],"fullName":"useLoading should handle execute failure","status":"passed","title":"should handle execute failure","duration":5.5666999999994005,"failureMessages":[],"meta":{},"tags":[]},{"ancestorTitles":["useLoading"],"fullName":"useLoading should handle reset","status":"passed","title":"should handle reset","duration":3.144000000000233,"failureMessages":[],"meta":{},"tags":[]},{"ancestorTitles":["useLoading"],"fullName":"useLoading should call onError callback on failure","status":"passed","title":"should call onError callback on failure","duration":7.3629000000000815,"failureMessages":[],"meta":{},"tags":[]},{"ancestorTitles":["useLoading"],"fullName":"useLoading should wrap non-Error throws in Error","status":"passed","title":"should wrap non-Error throws in Error","duration":2.0697000000000116,"failureMessages":[],"meta":{},"tags":[]}],"startTime":1781922544387,"endTime":1781922544426.0696,"status":"passed","message":"","name":"C:/Users/apple/Desktop/BONJOURSRC/BonNextMinecraftLauncher-Rust-main/src/shared/hooks/__tests__/useLoading.test.ts"},{"assertionResults":[{"ancestorTitles":["authReducer"],"fullName":"authReducer should handle LOGIN action","status":"passed","title":"should handle LOGIN action","duration":2.713699999999335,"failureMessages":[],"meta":{},"tags":[]},{"ancestorTitles":["authReducer"],"fullName":"authReducer should handle LOGOUT action","status":"passed","title":"should handle LOGOUT action","duration":0.297099999999773,"failureMessages":[],"meta":{},"tags":[]},{"ancestorTitles":["authReducer"],"fullName":"authReducer should handle SET_ACCOUNTS action","status":"passed","title":"should handle SET_ACCOUNTS action","duration":1.0619000000006054,"failureMessages":[],"meta":{},"tags":[]},{"ancestorTitles":["authReducer"],"fullName":"authReducer should handle SET_ACTIVE action","status":"passed","title":"should handle SET_ACTIVE action","duration":0.1914999999999054,"failureMessages":[],"meta":{},"tags":[]},{"ancestorTitles":["authReducer"],"fullName":"authReducer should handle SET_ERROR action","status":"passed","title":"should handle SET_ERROR action","duration":0.21169999999983702,"failureMessages":[],"meta":{},"tags":[]},{"ancestorTitles":["authReducer"],"fullName":"authReducer should handle SET_LOADING action","status":"passed","title":"should handle SET_LOADING action","duration":0.18150000000059663,"failureMessages":[],"meta":{},"tags":[]},{"ancestorTitles":["authReducer"],"fullName":"authReducer should handle SET_ALL action","status":"passed","title":"should handle SET_ALL action","duration":0.3084999999991851,"failureMessages":[],"meta":{},"tags":[]},{"ancestorTitles":["authReducer"],"fullName":"authReducer should return current state for unknown action type","status":"passed","title":"should return current state for unknown action type","duration":0.1881999999995969,"failureMessages":[],"meta":{},"tags":[]}],"startTime":1781922549363,"endTime":1781922549368.3086,"status":"passed","message":"","name":"C:/Users/apple/Desktop/BONJOURSRC/BonNextMinecraftLauncher-Rust-main/src/shared/stores/__tests__/authStore.test.ts"},{"assertionResults":[{"ancestorTitles":["configReducer"],"fullName":"configReducer should handle SET_CONFIG action","status":"passed","title":"should handle SET_CONFIG action","duration":2.452100000000428,"failureMessages":[],"meta":{},"tags":[]},{"ancestorTitles":["configReducer"],"fullName":"configReducer should handle SET_LOADING action","status":"passed","title":"should handle SET_LOADING action","duration":0.24420000000009168,"failureMessages":[],"meta":{},"tags":[]},{"ancestorTitles":["configReducer"],"fullName":"configReducer should handle SET_ERROR action","status":"passed","title":"should handle SET_ERROR action","duration":0.2308999999995649,"failureMessages":[],"meta":{},"tags":[]},{"ancestorTitles":["configReducer"],"fullName":"configReducer should return current state for unknown action type","status":"passed","title":"should return current state for unknown action type","duration":0.17410000000018044,"failureMessages":[],"meta":{},"tags":[]}],"startTime":1781922555349,"endTime":1781922555352.2441,"status":"passed","message":"","name":"C:/Users/apple/Desktop/BONJOURSRC/BonNextMinecraftLauncher-Rust-main/src/shared/stores/__tests__/configStore.test.ts"},{"assertionResults":[{"ancestorTitles":["downloadStore reducer"],"fullName":"downloadStore reducer returns initial state for unknown action","status":"passed","title":"returns initial state for unknown action","duration":2.5548999999991793,"failureMessages":[],"meta":{},"tags":[]},{"ancestorTitles":["downloadStore reducer"],"fullName":"downloadStore reducer handles ADD_TASK","status":"passed","title":"handles ADD_TASK","duration":1.3647000000000844,"failureMessages":[],"meta":{},"tags":[]},{"ancestorTitles":["downloadStore reducer"],"fullName":"downloadStore reducer ADD_TASK prepends to front","status":"passed","title":"ADD_TASK prepends to front","duration":0.5534999999999854,"failureMessages":[],"meta":{},"tags":[]},{"ancestorTitles":["downloadStore reducer"],"fullName":"downloadStore reducer ADD_TASK limits to 50 tasks","status":"passed","title":"ADD_TASK limits to 50 tasks","duration":0.5187000000005355,"failureMessages":[],"meta":{},"tags":[]},{"ancestorTitles":["downloadStore reducer"],"fullName":"downloadStore reducer handles UPDATE_TASK status","status":"passed","title":"handles UPDATE_TASK status","duration":0.31819999999970605,"failureMessages":[],"meta":{},"tags":[]},{"ancestorTitles":["downloadStore reducer"],"fullName":"downloadStore reducer handles UPDATE_TASK with progress","status":"passed","title":"handles UPDATE_TASK with progress","duration":0.35020000000076834,"failureMessages":[],"meta":{},"tags":[]},{"ancestorTitles":["downloadStore reducer"],"fullName":"downloadStore reducer handles UPDATE_TASK complete","status":"passed","title":"handles UPDATE_TASK complete","duration":0.27269999999953143,"failureMessages":[],"meta":{},"tags":[]},{"ancestorTitles":["downloadStore reducer"],"fullName":"downloadStore reducer handles UPDATE_TASK with error","status":"passed","title":"handles UPDATE_TASK with error","duration":0.27850000000034925,"failureMessages":[],"meta":{},"tags":[]},{"ancestorTitles":["downloadStore reducer"],"fullName":"downloadStore reducer UPDATE_TASK does not affect other tasks","status":"passed","title":"UPDATE_TASK does not affect other tasks","duration":0.3101999999998952,"failureMessages":[],"meta":{},"tags":[]},{"ancestorTitles":["downloadStore reducer"],"fullName":"downloadStore reducer handles REMOVE_TASK","status":"passed","title":"handles REMOVE_TASK","duration":0.424299999998766,"failureMessages":[],"meta":{},"tags":[]},{"ancestorTitles":["downloadStore reducer"],"fullName":"downloadStore reducer REMOVE_TASK does not affect other tasks","status":"passed","title":"REMOVE_TASK does not affect other tasks","duration":0.36620000000039,"failureMessages":[],"meta":{},"tags":[]},{"ancestorTitles":["downloadStore reducer"],"fullName":"downloadStore reducer handles CLEAR_COMPLETED","status":"passed","title":"handles CLEAR_COMPLETED","duration":0.4992000000002008,"failureMessages":[],"meta":{},"tags":[]},{"ancestorTitles":["downloadStore reducer"],"fullName":"downloadStore reducer CLEAR_COMPLETED removes both complete and failed","status":"passed","title":"CLEAR_COMPLETED removes both complete and failed","duration":0.23040000000037253,"failureMessages":[],"meta":{},"tags":[]}],"startTime":1781922549314,"endTime":1781922549323.2305,"status":"passed","message":"","name":"C:/Users/apple/Desktop/BONJOURSRC/BonNextMinecraftLauncher-Rust-main/src/shared/stores/__tests__/downloadStore.test.ts"},{"assertionResults":[{"ancestorTitles":["instanceReducer"],"fullName":"instanceReducer should handle SET_INSTANCES action","status":"passed","title":"should handle SET_INSTANCES action","duration":2.6822000000001935,"failureMessages":[],"meta":{},"tags":[]},{"ancestorTitles":["instanceReducer"],"fullName":"instanceReducer should handle SET_LOADING action","status":"passed","title":"should handle SET_LOADING action","duration":0.28920000000016444,"failureMessages":[],"meta":{},"tags":[]},{"ancestorTitles":["instanceReducer"],"fullName":"instanceReducer should handle SET_ERROR action","status":"passed","title":"should handle SET_ERROR action","duration":0.25010000000020227,"failureMessages":[],"meta":{},"tags":[]},{"ancestorTitles":["instanceReducer"],"fullName":"instanceReducer should handle SET_INSTANCES_LOADED action","status":"passed","title":"should handle SET_INSTANCES_LOADED action","duration":0.27669999999943684,"failureMessages":[],"meta":{},"tags":[]},{"ancestorTitles":["instanceReducer"],"fullName":"instanceReducer should return current state for unknown action type","status":"passed","title":"should return current state for unknown action type","duration":0.235700000000179,"failureMessages":[],"meta":{},"tags":[]}],"startTime":1781922555503,"endTime":1781922555507.2766,"status":"passed","message":"","name":"C:/Users/apple/Desktop/BONJOURSRC/BonNextMinecraftLauncher-Rust-main/src/shared/stores/__tests__/instanceStore.test.ts"},{"assertionResults":[{"ancestorTitles":["mapError"],"fullName":"mapError maps structured JSON error with known type","status":"passed","title":"maps structured JSON error with known type","duration":2.9315999999998894,"failureMessages":[],"meta":{},"tags":[]},{"ancestorTitles":["mapError"],"fullName":"mapError maps structured JSON error with unknown type","status":"passed","title":"maps structured JSON error with unknown type","duration":0.4845000000004802,"failureMessages":[],"meta":{},"tags":[]},{"ancestorTitles":["mapError"],"fullName":"mapError maps object with type field","status":"passed","title":"maps object with type field","duration":0.43920000000071013,"failureMessages":[],"meta":{},"tags":[]},{"ancestorTitles":["mapError"],"fullName":"mapError maps object with type field but no message","status":"passed","title":"maps object with type field but no message","duration":0.24419999999918218,"failureMessages":[],"meta":{},"tags":[]},{"ancestorTitles":["mapError"],"fullName":"mapError infers type from error message string","status":"passed","title":"infers type from error message string","duration":0.5033000000003085,"failureMessages":[],"meta":{},"tags":[]},{"ancestorTitles":["mapError"],"fullName":"mapError infers DownloadFailed from message","status":"passed","title":"infers DownloadFailed from message","duration":0.355199999999968,"failureMessages":[],"meta":{},"tags":[]},{"ancestorTitles":["mapError"],"fullName":"mapError infers Sha1Mismatch from message","status":"passed","title":"infers Sha1Mismatch from message","duration":0.3628000000007887,"failureMessages":[],"meta":{},"tags":[]},{"ancestorTitles":["mapError"],"fullName":"mapError infers AuthFailed from message","status":"passed","title":"infers AuthFailed from message","duration":0.3739999999997963,"failureMessages":[],"meta":{},"tags":[]},{"ancestorTitles":["mapError"],"fullName":"mapError infers DiskSpace from message","status":"passed","title":"infers DiskSpace from message","duration":0.4448000000011234,"failureMessages":[],"meta":{},"tags":[]},{"ancestorTitles":["mapError"],"fullName":"mapError returns Unknown for unrecognized errors","status":"passed","title":"returns Unknown for unrecognized errors","duration":0.7533000000003085,"failureMessages":[],"meta":{},"tags":[]},{"ancestorTitles":["mapError"],"fullName":"mapError handles null input","status":"passed","title":"handles null input","duration":0.5298000000002503,"failureMessages":[],"meta":{},"tags":[]},{"ancestorTitles":["mapError"],"fullName":"mapError handles undefined input","status":"passed","title":"handles undefined input","duration":0.2201999999997497,"failureMessages":[],"meta":{},"tags":[]},{"ancestorTitles":["mapError"],"fullName":"mapError handles Error instance","status":"passed","title":"handles Error instance","duration":0.2250000000003638,"failureMessages":[],"meta":{},"tags":[]},{"ancestorTitles":["mapError"],"fullName":"mapError handles empty string","status":"passed","title":"handles empty string","duration":0.16300000000046566,"failureMessages":[],"meta":{},"tags":[]},{"ancestorTitles":["mapError"],"fullName":"mapError cleans LauncherError prefix from message","status":"passed","title":"cleans LauncherError prefix from message","duration":0.27709999999933643,"failureMessages":[],"meta":{},"tags":[]},{"ancestorTitles":["mapError"],"fullName":"mapError cleans Error: prefix from message","status":"passed","title":"cleans Error: prefix from message","duration":0.2379000000000815,"failureMessages":[],"meta":{},"tags":[]},{"ancestorTitles":["mapError"],"fullName":"mapError preserves structured message over mapped default","status":"passed","title":"preserves structured message over mapped default","duration":0.17029999999977008,"failureMessages":[],"meta":{},"tags":[]},{"ancestorTitles":["mapError"],"fullName":"mapError maps all known error types","status":"passed","title":"maps all known error types","duration":0.9063999999998487,"failureMessages":[],"meta":{},"tags":[]},{"ancestorTitles":["formatError"],"fullName":"formatError returns message only when no suggestion","status":"passed","title":"returns message only when no suggestion","duration":0.40829999999914435,"failureMessages":[],"meta":{},"tags":[]},{"ancestorTitles":["formatError"],"fullName":"formatError returns message with suggestion for known errors","status":"passed","title":"returns message with suggestion for known errors","duration":0.28799999999864667,"failureMessages":[],"meta":{},"tags":[]},{"ancestorTitles":["formatError"],"fullName":"formatError handles structured JSON string","status":"passed","title":"handles structured JSON string","duration":0.24020000000018626,"failureMessages":[],"meta":{},"tags":[]},{"ancestorTitles":["friendlyError"],"fullName":"friendlyError returns message and suggestion for known errors","status":"passed","title":"returns message and suggestion for known errors","duration":0.27269999999953143,"failureMessages":[],"meta":{},"tags":[]},{"ancestorTitles":["friendlyError"],"fullName":"friendlyError returns empty suggestion for unknown errors","status":"passed","title":"returns empty suggestion for unknown errors","duration":0.2128000000011525,"failureMessages":[],"meta":{},"tags":[]},{"ancestorTitles":["friendlyError"],"fullName":"friendlyError returns message for structured errors without suggestion","status":"passed","title":"returns message for structured errors without suggestion","duration":0.22960000000057335,"failureMessages":[],"meta":{},"tags":[]}],"startTime":1781922543800,"endTime":1781922543812.2727,"status":"passed","message":"","name":"C:/Users/apple/Desktop/BONJOURSRC/BonNextMinecraftLauncher-Rust-main/src/shared/utils/__tests__/errorMapping.test.ts"},{"assertionResults":[{"ancestorTitles":["ThemeService"],"fullName":"ThemeService should register themes","status":"passed","title":"should register themes","duration":13.340500000000247,"failureMessages":[],"meta":{},"tags":[]},{"ancestorTitles":["ThemeService"],"fullName":"ThemeService should switch current theme","status":"passed","title":"should switch current theme","duration":4.516700000000128,"failureMessages":[],"meta":{},"tags":[]},{"ancestorTitles":["ThemeService"],"fullName":"ThemeService should throw when switching to unknown theme","status":"passed","title":"should throw when switching to unknown theme","duration":1.6981999999998152,"failureMessages":[],"meta":{},"tags":[]},{"ancestorTitles":["ThemeService"],"fullName":"ThemeService should notify listeners on theme change","status":"passed","title":"should notify listeners on theme change","duration":1.6451999999999316,"failureMessages":[],"meta":{},"tags":[]},{"ancestorTitles":["ThemeService"],"fullName":"ThemeService should unsubscribe listener","status":"passed","title":"should unsubscribe listener","duration":0.875999999999749,"failureMessages":[],"meta":{},"tags":[]},{"ancestorTitles":["ThemeService"],"fullName":"ThemeService should add and remove rules","status":"passed","title":"should add and remove rules","duration":0.6021999999998116,"failureMessages":[],"meta":{},"tags":[]},{"ancestorTitles":["ThemeService"],"fullName":"ThemeService should unregister themes","status":"passed","title":"should unregister themes","duration":0.38439999999991414,"failureMessages":[],"meta":{},"tags":[]}],"startTime":1781922532349,"endTime":1781922532372.6023,"status":"passed","message":"","name":"C:/Users/apple/Desktop/BONJOURSRC/BonNextMinecraftLauncher-Rust-main/src/plugins/builtins/zzz-theme/__tests__/ThemeService.test.ts"}]}